make --dry-run --always-make --keep-going --print-directory
make: Entering directory '/home/john/Downloads/CLASS_SInu_PT'
if ! [ -e /home/john/Downloads/CLASS_SInu_PT/build ]; then mkdir /home/john/Downloads/CLASS_SInu_PT/build ; mkdir /home/john/Downloads/CLASS_SInu_PT/build/lib; fi;
touch build/.base
cd /home/john/Downloads/CLASS_SInu_PT/build;gcc -O4 -ffast-math  -fopenmp -g -fPIC -Wall -Wextra -D__CLASSDIR__='"/home/john/Downloads/CLASS_SInu_PT"' -DHYREC -I../include -I../hyrec -c ../tools/growTable.c -o growTable.o
cd /home/john/Downloads/CLASS_SInu_PT/build;gcc -O4 -ffast-math  -fopenmp -g -fPIC -Wall -Wextra -D__CLASSDIR__='"/home/john/Downloads/CLASS_SInu_PT"' -DHYREC -I../include -I../hyrec -c ../tools/dei_rkck.c -o dei_rkck.o
cd /home/john/Downloads/CLASS_SInu_PT/build;gcc -O4 -ffast-math  -fopenmp -g -fPIC -Wall -Wextra -D__CLASSDIR__='"/home/john/Downloads/CLASS_SInu_PT"' -DHYREC -I../include -I../hyrec -c ../tools/sparse.c -o sparse.o
cd /home/john/Downloads/CLASS_SInu_PT/build;gcc -O4 -ffast-math  -fopenmp -g -fPIC -Wall -Wextra -D__CLASSDIR__='"/home/john/Downloads/CLASS_SInu_PT"' -DHYREC -I../include -I../hyrec -c ../tools/evolver_rkck.c -o evolver_rkck.o
cd /home/john/Downloads/CLASS_SInu_PT/build;gcc -O4 -ffast-math  -fopenmp -g -fPIC -Wall -Wextra -D__CLASSDIR__='"/home/john/Downloads/CLASS_SInu_PT"' -DHYREC -I../include -I../hyrec -c ../tools/evolver_ndf15.c -o evolver_ndf15.o
cd /home/john/Downloads/CLASS_SInu_PT/build;gcc -O4 -ffast-math  -fopenmp -g -fPIC -Wall -Wextra -D__CLASSDIR__='"/home/john/Downloads/CLASS_SInu_PT"' -DHYREC -I../include -I../hyrec -c ../tools/arrays.c -o arrays.o
cd /home/john/Downloads/CLASS_SInu_PT/build;gcc -O4 -ffast-math  -fopenmp -g -fPIC -Wall -Wextra -D__CLASSDIR__='"/home/john/Downloads/CLASS_SInu_PT"' -DHYREC -I../include -I../hyrec -c ../tools/parser.c -o parser.o
cd /home/john/Downloads/CLASS_SInu_PT/build;gcc -O4 -ffast-math  -fopenmp -g -fPIC -Wall -Wextra -D__CLASSDIR__='"/home/john/Downloads/CLASS_SInu_PT"' -DHYREC -I../include -I../hyrec -c ../tools/quadrature.c -o quadrature.o
cd /home/john/Downloads/CLASS_SInu_PT/build;gcc -O4 -ffast-math  -fopenmp -g -fPIC -Wall -Wextra -D__CLASSDIR__='"/home/john/Downloads/CLASS_SInu_PT"' -DHYREC -I../include -I../hyrec -c ../tools/hyperspherical.c -o hyperspherical.o
cd /home/john/Downloads/CLASS_SInu_PT/build;gcc -O4 -ffast-math  -fopenmp -g -fPIC -Wall -Wextra -D__CLASSDIR__='"/home/john/Downloads/CLASS_SInu_PT"' -DHYREC -I../include -I../hyrec -c ../tools/common.c -o common.o
cd /home/john/Downloads/CLASS_SInu_PT/build;gcc -O4 -ffast-math  -fopenmp -g -fPIC -Wall -Wextra -D__CLASSDIR__='"/home/john/Downloads/CLASS_SInu_PT"' -DHYREC -I../include -I../hyrec -c ../tools/trigonometric_integrals.c -o trigonometric_integrals.o
cd /home/john/Downloads/CLASS_SInu_PT/build;gcc -O4 -ffast-math  -fopenmp -g -fPIC -Wall -Wextra -D__CLASSDIR__='"/home/john/Downloads/CLASS_SInu_PT"' -DHYREC -I../include -I../hyrec -c ../source/input.c -o input.o
cd /home/john/Downloads/CLASS_SInu_PT/build;gcc -O4 -ffast-math  -fopenmp -g -fPIC -Wall -Wextra -D__CLASSDIR__='"/home/john/Downloads/CLASS_SInu_PT"' -DHYREC -I../include -I../hyrec -c ../source/background.c -o background.o
cd /home/john/Downloads/CLASS_SInu_PT/build;gcc -O4 -ffast-math  -fopenmp -g -fPIC -Wall -Wextra -D__CLASSDIR__='"/home/john/Downloads/CLASS_SInu_PT"' -DHYREC -I../include -I../hyrec -c ../source/thermodynamics.c -o thermodynamics.o
cd /home/john/Downloads/CLASS_SInu_PT/build;gcc -O4 -ffast-math  -fopenmp -g -fPIC -Wall -Wextra -D__CLASSDIR__='"/home/john/Downloads/CLASS_SInu_PT"' -DHYREC -I../include -I../hyrec -c ../source/perturbations.c -o perturbations.o
cd /home/john/Downloads/CLASS_SInu_PT/build;gcc -O4 -ffast-math  -fopenmp -g -fPIC -Wall -Wextra -D__CLASSDIR__='"/home/john/Downloads/CLASS_SInu_PT"' -DHYREC -I../include -I../hyrec -c ../source/primordial.c -o primordial.o
cd /home/john/Downloads/CLASS_SInu_PT/build;gcc -O4 -ffast-math  -fopenmp -g -fPIC -Wall -Wextra -D__CLASSDIR__='"/home/john/Downloads/CLASS_SInu_PT"' -DHYREC -I../include -I../hyrec -c ../source/nonlinear.c -o nonlinear.o
cd /home/john/Downloads/CLASS_SInu_PT/build;gcc -O4 -ffast-math  -fopenmp -g -fPIC -Wall -Wextra -D__CLASSDIR__='"/home/john/Downloads/CLASS_SInu_PT"' -DHYREC -I../include -I../hyrec -c ../source/nonlinear_pt.c -o nonlinear_pt.o
cd /home/john/Downloads/CLASS_SInu_PT/build;gcc -O4 -ffast-math  -fopenmp -g -fPIC -Wall -Wextra -D__CLASSDIR__='"/home/john/Downloads/CLASS_SInu_PT"' -DHYREC -I../include -I../hyrec -c ../source/transfer.c -o transfer.o
cd /home/john/Downloads/CLASS_SInu_PT/build;gcc -O4 -ffast-math  -fopenmp -g -fPIC -Wall -Wextra -D__CLASSDIR__='"/home/john/Downloads/CLASS_SInu_PT"' -DHYREC -I../include -I../hyrec -c ../source/spectra.c -o spectra.o
cd /home/john/Downloads/CLASS_SInu_PT/build;gcc -O4 -ffast-math  -fopenmp -g -fPIC -Wall -Wextra -D__CLASSDIR__='"/home/john/Downloads/CLASS_SInu_PT"' -DHYREC -I../include -I../hyrec -c ../source/lensing.c -o lensing.o
cd /home/john/Downloads/CLASS_SInu_PT/build;gcc -O4 -ffast-math  -fopenmp -g -fPIC -Wall -Wextra -D__CLASSDIR__='"/home/john/Downloads/CLASS_SInu_PT"' -DHYREC -I../include -I../hyrec -c ../hyrec/hyrectools.c -o hyrectools.o
cd /home/john/Downloads/CLASS_SInu_PT/build;gcc -O4 -ffast-math  -fopenmp -g -fPIC -Wall -Wextra -D__CLASSDIR__='"/home/john/Downloads/CLASS_SInu_PT"' -DHYREC -I../include -I../hyrec -c ../hyrec/helium.c -o helium.o
cd /home/john/Downloads/CLASS_SInu_PT/build;gcc -O4 -ffast-math  -fopenmp -g -fPIC -Wall -Wextra -D__CLASSDIR__='"/home/john/Downloads/CLASS_SInu_PT"' -DHYREC -I../include -I../hyrec -c ../hyrec/hydrogen.c -o hydrogen.o
cd /home/john/Downloads/CLASS_SInu_PT/build;gcc -O4 -ffast-math  -fopenmp -g -fPIC -Wall -Wextra -D__CLASSDIR__='"/home/john/Downloads/CLASS_SInu_PT"' -DHYREC -I../include -I../hyrec -c ../hyrec/history.c -o history.o
cd /home/john/Downloads/CLASS_SInu_PT/build;gcc -O4 -ffast-math  -fopenmp -g -fPIC -Wall -Wextra -D__CLASSDIR__='"/home/john/Downloads/CLASS_SInu_PT"' -DHYREC -I../include -I../hyrec -c ../source/output.c -o output.o
cd /home/john/Downloads/CLASS_SInu_PT/build;gcc -O4 -ffast-math  -fopenmp -g -fPIC -Wall -Wextra -D__CLASSDIR__='"/home/john/Downloads/CLASS_SInu_PT"' -DHYREC -I../include -I../hyrec -c ../main/class.c -o class.o
gcc -O4 -ffast-math  -fopenmp -g -fPIC -o class build/growTable.o build/dei_rkck.o build/sparse.o build/evolver_rkck.o build/evolver_ndf15.o build/arrays.o build/parser.o build/quadrature.o build/hyperspherical.o build/common.o build/trigonometric_integrals.o build/input.o build/background.o build/thermodynamics.o build/perturbations.o build/primordial.o build/nonlinear.o build/nonlinear_pt.o build/transfer.o build/spectra.o build/lensing.o build/hyrectools.o build/helium.o build/hydrogen.o build/history.o build/output.o build/class.o /home/john/anaconda3/envs/SInu/lib/libopenblas.so -lpthread -lm
ar rv  libclass.a build/growTable.o build/dei_rkck.o build/sparse.o build/evolver_rkck.o build/evolver_ndf15.o build/arrays.o build/parser.o build/quadrature.o build/hyperspherical.o build/common.o build/trigonometric_integrals.o build/input.o build/background.o build/thermodynamics.o build/perturbations.o build/primordial.o build/nonlinear.o build/nonlinear_pt.o build/transfer.o build/spectra.o build/lensing.o build/hyrectools.o build/helium.o build/hydrogen.o build/history.o
cp python/setup.py python/autosetup.py
cd python; export CC=gcc; python autosetup.py install || python autosetup.py install --user
rm python/autosetup.py
make: Leaving directory '/home/john/Downloads/CLASS_SInu_PT'
 
