make all --print-data-base --no-builtin-variables --no-builtin-rules --question
# GNU Make 4.2.1
# Built for x86_64-pc-linux-gnu
# Copyright (C) 1988-2016 Free Software Foundation, Inc.
# License GPLv3+: GNU GPL version 3 or later <http://gnu.org/licenses/gpl.html>
# This is free software: you are free to change and redistribute it.
# There is NO WARRANTY, to the extent permitted by law.

# Make data base, printed on Mon Jun 13 13:45:47 2022

# Variables

# automatic
<D = $(patsubst %/,%,$(dir $<))
# automatic
?F = $(notdir $?)
# environment
DESKTOP_SESSION = cinnamon
# default
.SHELLFLAGS := -c
# environment
XDG_SESSION_CLASS = user
# makefile (from 'Makefile', line 137)
C_TEST = $(addprefix test/, $(addsuffix .c,$(basename $(TEST_DEGENERACY) $(TEST_LOOPS) $(TEST_TRANSFER) $(TEST_NONLINEAR) $(TEST_PERTURBATIONS) $(TEST_THERMODYNAMICS))))
# environment
XDG_SESSION_TYPE = x11
# environment
VSCODE_LOG_NATIVE = false
# makefile (from 'Makefile', line 129)
TEST_SIGMA = test_sigma.o
# makefile (from 'Makefile', line 89)
BACKGROUND = background.o
# environment
GTK3_MODULES = xapp-gtk3-module
# automatic
?D = $(patsubst %/,%,$(dir $?))
# makefile (from 'Makefile', line 72)
CCFLAG = -g -fPIC -Wall -Wextra -D__CLASSDIR__='"$(MDIR)"' -DHYREC
# makefile (from 'Makefile', line 74)
INCLUDES = -I../include -I../hyrec
# makefile (from 'Makefile', line 87)
PRECISION = precision.o
# automatic
@D = $(patsubst %/,%,$(dir $@))
# environment
XAUTHORITY = /home/john/.Xauthority
# environment
GDMSESSION = cinnamon
# default
MAKE_VERSION := 4.2.1
# makefile
CURDIR := /home/john/Downloads/CLASS_SInu_PT
# makefile
SHELL = /bin/sh
# environment
GDM_LANG = en_US
# makefile (from 'Makefile', line 131)
TEST_HYPERSPHERICAL = test_hyperspherical.o
# environment
VSCODE_NLS_CONFIG = {"locale":"en-us","availableLanguages":{},"_languagePackSupport":true}
# environment
_ = /usr/share/code/code
# environment
XDG_CONFIG_DIRS = /etc/xdg/xdg-cinnamon:/etc/xdg
# makefile (from 'Makefile', line 97)
PRIMORDIAL = primordial.o
# environment
GTK_OVERLAY_SCROLLING = 1
# makefile (from 'Makefile', line 1)
MAKEFILE_LIST :=  Makefile
# makefile (from 'Makefile', line 141)
PRE_ALL = cl_ref.pre clt_permille.pre
# automatic
@F = $(notdir $@)
# environment
GIO_LAUNCHED_DESKTOP_FILE = /usr/share/applications/code.desktop
# 'override' directive
GNUMAKEFLAGS := 
# makefile (from 'Makefile', line 135)
C_TOOLS = $(addprefix tools/, $(addsuffix .c,$(basename $(TOOLS))))
# environment
MANDATORY_PATH = /usr/share/gconf/cinnamon.mandatory.path
# environment
XDG_DATA_DIRS = /usr/share/cinnamon:/usr/share/gnome:/home/john/.local/share/flatpak/exports/share:/var/lib/flatpak/exports/share:/usr/local/share:/usr/share
# environment
DBUS_SESSION_BUS_ADDRESS = unix:path=/run/user/1000/bus
# environment
VSCODE_VERBOSE_LOGGING = true
# environment
LESSOPEN = | /usr/bin/lesspipe %s
# environment
VSCODE_CWD = /home/john
# environment
XDG_SESSION_PATH = /org/freedesktop/DisplayManager/Session0
# default
MAKE_HOST := x86_64-pc-linux-gnu
# environment
PATH = /home/john/.local/bin:/home/john/anaconda3/bin:/home/john/anaconda3/condabin:/home/john/Downloads/montypython:/home/john/.local/bin:/usr/local/sbin:/usr/local/bin:/usr/sbin:/usr/bin:/sbin:/bin:/usr/games:/usr/local/games:/snap/bin
# makefile (from 'Makefile', line 111)
TEST_LOOPS = test_loops.o
# makefile (from 'Makefile', line 103)
NONLINEAR_PT = nonlinear_pt.o
# makefile (from 'Makefile', line 139)
C_ALL = $(C_MAIN) $(C_TOOLS) $(C_SOURCE)
# environment
GPG_AGENT_INFO = /run/user/1000/gnupg/S.gpg-agent:0:1
# environment
SESSION_MANAGER = local/john-G3-3779:@/tmp/.ICE-unix/1217,unix/john-G3-3779:/tmp/.ICE-unix/1217
# environment
XDG_RUNTIME_DIR = /run/user/1000
# makefile (from 'Makefile', line 105)
LENSING = lensing.o
# makefile (from 'Makefile', line 113)
TEST_LOOPS_OMP = test_loops_omp.o
# makefile (from 'Makefile', line 144)
PYTHON_FILES = python/classy.pyx python/setup.py python/cclassy.pxd python/test_class.py
# environment
CONDA_PREFIX = /home/john/anaconda3
# makefile (from 'Makefile', line 25)
AR = ar rv
# environment
VSCODE_LOG_STACK = false
# environment
ELECTRON_RUN_AS_NODE = 1
# makefile (from 'Makefile', line 136)
C_SOURCE = $(addprefix source/, $(addsuffix .c,$(basename $(SOURCE) $(OUTPUT))))
# default
.FEATURES := target-specific order-only second-expansion else-if shortest-stem undefine oneshell archives jobserver output-sync check-symlink load
# environment
XDG_GREETER_DATA_DIR = /var/lib/lightdm-data/john
# environment
LS_COLORS = 
# makefile (from 'Makefile', line 121)
TEST_NONLINEAR = test_nonlinear.o
# environment
XDG_SESSION_DESKTOP = cinnamon
# environment
SSH_AUTH_SOCK = /run/user/1000/keyring/ssh
# environment
GIO_LAUNCHED_DESKTOP_FILE_PID = 522329
# automatic
%F = $(notdir $%)
# makefile (from 'Makefile', line 109)
CLASS = class.o
# environment
DISPLAY = :0
# environment
CONDA_EXE = /home/john/anaconda3/bin/conda
# environment
VSCODE_PIPE_LOGGING = true
# makefile (from 'Makefile', line 41)
OMPFLAG = -fopenmp
# environment
PWD = /home/john/Downloads/CLASS_SInu_PT
# environment
QT_QPA_PLATFORMTHEME = qt5ct
# default
.LOADED := 
# environment
XDG_SEAT = seat0
# environment
SSH_AGENT_PID = 1290
# makefile (from 'Makefile', line 75)
EXTERNAL =  hyrectools.o helium.o hydrogen.o history.o
# environment
ORIGINAL_XDG_CURRENT_DESKTOP = X-Cinnamon
# environment
GTK_MODULES = gail:atk-bridge
# makefile (from 'Makefile', line 33)
PYTHON = python
# environment
VSCODE_AMD_ENTRYPOINT = vs/workbench/api/node/extensionHostProcess
# environment
HOME = /home/john
# environment
LD_LIBRARY_PATH = /home/john/anaconda3/envs/SInu/lib
# environment
LESSCLOSE = /usr/bin/lesspipe %s %s
# environment
VSCODE_CODE_CACHE_PATH = /home/john/.config/Code/CachedData/4af164ea3a06f701fe3e89a2bcbb421d2026b68f
# environment
LOGNAME = john
# environment
APPLICATION_INSIGHTS_NO_DIAGNOSTIC_CHANNEL = 1
# environment
CONDA_PROMPT_MODIFIER = (base) 
# makefile (from 'Makefile', line 51)
HYREC = hyrec
# makefile (from 'Makefile', line 125)
TEST_THERMODYNAMICS = test_thermodynamics.o
# environment
VSCODE_HANDLES_UNCAUGHT_ERRORS = true
# environment
GNOME_DESKTOP_SESSION_ID = this-is-deprecated
# automatic
^D = $(patsubst %/,%,$(dir $^))
# environment
XDG_VTNR = 7
# environment
MAKELEVEL := 0
# makefile (from 'Makefile', line 93)
PERTURBATIONS = perturbations.o
# environment
CONDA_DEFAULT_ENV = base
# default
MAKE = $(MAKE_COMMAND)
# makefile (from 'Makefile', line 142)
INI_ALL = explanatory.ini lcdm.ini
# default
MAKECMDGOALS := all
# makefile (from 'Makefile', line 4)
MDIR := /home/john/Downloads/CLASS_SInu_PT
# environment
SHLVL = 0
# makefile (from 'Makefile', line 20)
CC = gcc
# makefile (from 'Makefile', line 91)
THERMO = thermodynamics.o
# environment
VSCODE_IPC_HOOK_EXTHOST = /run/user/1000/vscode-ipc-4b23114d-ef66-4821-b9bf-fea590eb6f6b.sock
# makefile (from 'Makefile', line 83)
SOURCE = input.o background.o thermodynamics.o perturbations.o primordial.o nonlinear.o nonlinear_pt.o transfer.o spectra.o lensing.o
# environment
XDG_SESSION_ID = c1
# environment
USER = john
# makefile
.DEFAULT_GOAL := all
# makefile (from 'Makefile', line 54)
OPENBLAS = /home/john/anaconda3/envs/SInu/lib/libopenblas.so
# environment
XDG_CURRENT_DESKTOP = X-Cinnamon
# automatic
%D = $(patsubst %/,%,$(dir $%))
# makefile (from 'Makefile', line 143)
MISC_FILES = Makefile CPU psd_FD_single.dat myselection.dat myevolution.dat README bbn/sBBN.dat external_Pk/* cpp
# environment
CONDA_SHLVL = 1
# default
MAKE_COMMAND := make
# makefile (from 'Makefile', line 81)
TOOLS = growTable.o dei_rkck.o sparse.o evolver_rkck.o  evolver_ndf15.o arrays.o parser.o quadrature.o hyperspherical.o common.o trigonometric_integrals.o
# default
.VARIABLES := 
# automatic
*F = $(notdir $*)
# environment
LANGUAGE = en_US
# environment
XDG_SEAT_PATH = /org/freedesktop/DisplayManager/Seat0
# environment
VSCODE_IPC_HOOK = /run/user/1000/vscode-f7f7606b-1.68.0-main.sock
# makefile
MAKEFLAGS = pqrR
# makefile (from 'Makefile', line 123)
TEST_PERTURBATIONS = test_perturbations.o
# makefile (from 'Makefile', line 99)
SPECTRA = spectra.o
# environment
MFLAGS = -pqrR
# automatic
*D = $(patsubst %/,%,$(dir $*))
# makefile (from 'Makefile', line 140)
H_ALL = $(addprefix include/, common.h svnversion.h $(addsuffix .h, $(basename $(notdir $(C_ALL)))))
# makefile (from 'Makefile', line 138)
C_MAIN = $(addprefix main/, $(addsuffix .c,$(basename $(CLASS))))
# automatic
+D = $(patsubst %/,%,$(dir $+))
# environment
GDK_BACKEND = x11
# automatic
+F = $(notdir $+)
# environment
NO_AT_BRIDGE = 1
# environment
CINNAMON_VERSION = 4.8.6
# makefile (from 'Makefile', line 119)
TEST_TRANSFER = test_transfer.o
# environment
QT_ACCESSIBILITY = 1
# makefile (from 'Makefile', line 47)
 
LDFLAG = -g -fPIC
# environment
DEFAULTS_PATH = /usr/share/gconf/cinnamon.default.path
# makefile (from 'Makefile', line 107)
OUTPUT = output.o
# 'override' directive
.SHELLSTATUS := 0
# default
MAKEFILES := 
# automatic
<F = $(notdir $<)
# makefile (from 'Makefile', line 95)
TRANSFER = transfer.o
# makefile (from 'Makefile', line 133)
TEST_STEPHANE = test_stephane.o
# environment
LC_ALL = C
# environment
CONDA_PYTHON_EXE = /home/john/anaconda3/bin/python
# makefile (from 'Makefile', line 127)
TEST_BACKGROUND = test_background.o
# makefile (from 'Makefile', line 115)
TEST_DEGENERACY = test_degeneracy.o
# makefile (from 'Makefile', line 5)
WRKDIR = $(MDIR)/build
# environment
GJS_DEBUG_TOPICS = JS ERROR;JS LOG
# automatic
^F = $(notdir $^)
# default
SUFFIXES := 
# makefile (from 'Makefile', line 101)
NONLINEAR = nonlinear.o
# environment
_CE_M = 
# environment
CHROME_DESKTOP = code-url-handler.desktop
# makefile (from 'Makefile', line 36)
OPTFLAG = -O4 -ffast-math 
# makefile (from 'Makefile', line 117)
TEST_SPECTRA = test_spectra.o
# default
.INCLUDE_DIRS = /usr/include /usr/local/include /usr/include
# environment
GJS_DEBUG_OUTPUT = stderr
# default
.RECIPEPREFIX := 
# environment
LANG = C
# environment
VSCODE_PID = 522329
# makefile (from 'Makefile', line 85)
INPUT = input.o
# environment
_CE_CONDA = 
# variable set hash-table stats:
# Load=162/1024=16%, Rehash=0, Collisions=29/296=10%

# Pattern-specific Variable Values

# No pattern-specific variable values.

# Directories

# source (device 66306, inode 7177447): 14 files, no impossibilities.
# . (device 66306, inode 7062878): 42 files, no impossibilities.
# external_Pk (device 66306, inode 7177435): 8 files, no impossibilities.
# main (device 66306, inode 7177438): 4 files, no impossibilities.
# test (device 66306, inode 7177448): 22 files, no impossibilities.
# build (device 66306, inode 7062883): 30 files, no impossibilities so far.
# hyrec (device 66306, inode 7177436): 14 files, no impossibilities so far.
# tools (device 66306, inode 7177449): 18 files, no impossibilities.

# 152 files, no impossibilities in 8 directories.

# Implicit Rules

%.o: %.c .base
#  recipe to execute (from 'Makefile', line 79):
	cd $(WRKDIR);$(CC) $(OPTFLAG) $(OMPFLAG) $(CCFLAG) $(INCLUDES) -c ../$< -o $*.o

# 1 implicit rules, 0 (0.0%) terminal.

# Files

# Not a target:
bbn/sBBN.dat:
#  Implicit rule search has not been done.
#  Modification time never checked.
#  File has not been updated.

# Not a target:
include/class.h:
#  Implicit rule search has not been done.
#  Modification time never checked.
#  File has not been updated.

test_background: build/growTable.o build/dei_rkck.o build/sparse.o build/evolver_rkck.o build/evolver_ndf15.o build/arrays.o build/parser.o build/quadrature.o build/hyperspherical.o build/common.o build/trigonometric_integrals.o build/input.o build/background.o build/thermodynamics.o build/perturbations.o build/primordial.o build/nonlinear.o build/nonlinear_pt.o build/transfer.o build/spectra.o build/lensing.o build/hyrectools.o build/helium.o build/hydrogen.o build/history.o test_background.o
#  Implicit rule search has not been done.
#  Modification time never checked.
#  File has not been updated.
#  recipe to execute (from 'Makefile', line 185):
	$(CC) $(OPTFLAG) $(OMPFLAG) $(LDFLAG) -o  $@ $(addprefix build/,$(notdir $^)) -lm

# Not a target:
python/classy.pyx:
#  Implicit rule search has been done.
#  Last modified 2022-06-13 09:23:26.236090671
#  File has been updated.
#  Successfully updated.

# Not a target:
source/nonlinear_pt.c:
#  Implicit rule search has been done.
#  Last modified 2022-06-02 15:31:03.367175
#  File has been updated.
#  Successfully updated.

build/.base:
#  Implicit rule search has not been done.
#  Last modified 2022-06-10 11:33:52.127024453
#  File has been updated.
#  Successfully updated.
#  recipe to execute (from 'Makefile', line 8):
	if ! [ -e $(WRKDIR) ]; then mkdir $(WRKDIR) ; mkdir $(WRKDIR)/lib; fi;
	touch build/.base

# Not a target:
hyrec/history.c:
#  Implicit rule search has been done.
#  Last modified 2022-06-08 15:42:13.995230021
#  File has been updated.
#  Successfully updated.

# Not a target:
test_degeneracy.o:
#  Implicit rule search has not been done.
#  Modification time never checked.
#  File has not been updated.

test_degeneracy: build/growTable.o build/dei_rkck.o build/sparse.o build/evolver_rkck.o build/evolver_ndf15.o build/arrays.o build/parser.o build/quadrature.o build/hyperspherical.o build/common.o build/trigonometric_integrals.o build/input.o build/background.o build/thermodynamics.o build/perturbations.o build/primordial.o build/nonlinear.o build/nonlinear_pt.o build/transfer.o build/spectra.o build/lensing.o build/hyrectools.o build/helium.o build/hydrogen.o build/history.o build/output.o test_degeneracy.o
#  Implicit rule search has not been done.
#  Modification time never checked.
#  File has not been updated.
#  recipe to execute (from 'Makefile', line 167):
	$(CC) $(OPTFLAG) $(OMPFLAG) $(LDFLAG) -o $@ $(addprefix build/,$(notdir $^)) -lm

build/output.o: source/output.c build/.base
#  Implicit rule search has been done.
#  Implicit/static pattern stem: 'output'
#  Last modified 2022-06-10 11:43:37.520387717
#  File has been updated.
#  Successfully updated.
#  recipe to execute (from 'Makefile', line 79):
	cd $(WRKDIR);$(CC) $(OPTFLAG) $(OMPFLAG) $(CCFLAG) $(INCLUDES) -c ../$< -o $*.o

# Not a target:
external_Pk/generate_Pk_example_w_tensors.py:
#  Implicit rule search has not been done.
#  Modification time never checked.
#  File has not been updated.

# Not a target:
include/evolver_ndf15.h:
#  Implicit rule search has not been done.
#  Modification time never checked.
#  File has not been updated.

# Not a target:
source/output.c:
#  Implicit rule search has been done.
#  Last modified 2022-06-09 10:56:31.892649093
#  File has been updated.
#  Successfully updated.

all: class libclass.a classy
#  Command line target.
#  Implicit rule search has been done.
#  File does not exist.
#  File has been updated.
#  Needs to be updated (-q is set).
# variable set hash-table stats:
# Load=0/32=0%, Rehash=0, Collisions=0/6=0%

test_transfer: build/growTable.o build/dei_rkck.o build/sparse.o build/evolver_rkck.o build/evolver_ndf15.o build/arrays.o build/parser.o build/quadrature.o build/hyperspherical.o build/common.o build/trigonometric_integrals.o build/input.o build/background.o build/thermodynamics.o build/perturbations.o build/primordial.o build/nonlinear.o build/nonlinear_pt.o build/transfer.o build/spectra.o build/lensing.o build/hyrectools.o build/helium.o build/hydrogen.o build/history.o test_transfer.o
#  Implicit rule search has not been done.
#  Modification time never checked.
#  File has not been updated.
#  recipe to execute (from 'Makefile', line 173):
	$(CC) $(OPTFLAG) $(OMPFLAG) $(LDFLAG) -o  $@ $(addprefix build/,$(notdir $^)) -lm

# Not a target:
tools/evolver_rkck.c:
#  Implicit rule search has been done.
#  Last modified 2022-06-08 15:42:14.091232176
#  File has been updated.
#  Successfully updated.

# Not a target:
external_Pk/Pk_example_w_tensors.dat:
#  Implicit rule search has not been done.
#  Modification time never checked.
#  File has not been updated.

build/trigonometric_integrals.o: tools/trigonometric_integrals.c build/.base
#  Implicit rule search has been done.
#  Implicit/static pattern stem: 'trigonometric_integrals'
#  Last modified 2022-06-10 11:33:56.750987669
#  File has been updated.
#  Successfully updated.
#  recipe to execute (from 'Makefile', line 79):
	cd $(WRKDIR);$(CC) $(OPTFLAG) $(OMPFLAG) $(CCFLAG) $(INCLUDES) -c ../$< -o $*.o

# Not a target:
include/common.h:
#  Implicit rule search has not been done.
#  Modification time never checked.
#  File has not been updated.

build/history.o: hyrec/history.c build/.base
#  Implicit rule search has been done.
#  Implicit/static pattern stem: 'history'
#  Last modified 2022-06-10 11:43:36.784389273
#  File has been updated.
#  Successfully updated.
#  recipe to execute (from 'Makefile', line 79):
	cd $(WRKDIR);$(CC) $(OPTFLAG) $(OMPFLAG) $(CCFLAG) $(INCLUDES) -c ../$< -o $*.o

build/thermodynamics.o: source/thermodynamics.c build/.base
#  Implicit rule search has been done.
#  Implicit/static pattern stem: 'thermodynamics'
#  Last modified 2022-06-10 11:34:00.738956231
#  File has been updated.
#  Successfully updated.
#  recipe to execute (from 'Makefile', line 79):
	cd $(WRKDIR);$(CC) $(OPTFLAG) $(OMPFLAG) $(CCFLAG) $(INCLUDES) -c ../$< -o $*.o

build/perturbations.o: source/perturbations.c build/.base
#  Implicit rule search has been done.
#  Implicit/static pattern stem: 'perturbations'
#  Last modified 2022-06-10 11:34:03.906931445
#  File has been updated.
#  Successfully updated.
#  recipe to execute (from 'Makefile', line 79):
	cd $(WRKDIR);$(CC) $(OPTFLAG) $(OMPFLAG) $(CCFLAG) $(INCLUDES) -c ../$< -o $*.o

build/evolver_rkck.o: tools/evolver_rkck.c build/.base
#  Implicit rule search has been done.
#  Implicit/static pattern stem: 'evolver_rkck'
#  Last modified 2022-06-10 11:33:52.815018958
#  File has been updated.
#  Successfully updated.
#  recipe to execute (from 'Makefile', line 79):
	cd $(WRKDIR);$(CC) $(OPTFLAG) $(OMPFLAG) $(CCFLAG) $(INCLUDES) -c ../$< -o $*.o

# Not a target:
test_perturbations.o:
#  Implicit rule search has not been done.
#  Modification time never checked.
#  File has not been updated.

test_perturbations: build/growTable.o build/dei_rkck.o build/sparse.o build/evolver_rkck.o build/evolver_ndf15.o build/arrays.o build/parser.o build/quadrature.o build/hyperspherical.o build/common.o build/trigonometric_integrals.o build/input.o build/background.o build/thermodynamics.o build/perturbations.o build/primordial.o build/nonlinear.o build/nonlinear_pt.o build/transfer.o build/spectra.o build/lensing.o build/hyrectools.o build/helium.o build/hydrogen.o build/history.o test_perturbations.o
#  Implicit rule search has not been done.
#  Modification time never checked.
#  File has not been updated.
#  recipe to execute (from 'Makefile', line 179):
	$(CC) $(OPTFLAG) $(OMPFLAG) $(LDFLAG) -o  $@ $(addprefix build/,$(notdir $^)) -lm

# Not a target:
README:
#  Implicit rule search has not been done.
#  Modification time never checked.
#  File has not been updated.

# Not a target:
include/thermodynamics.h:
#  Implicit rule search has not been done.
#  Modification time never checked.
#  File has not been updated.

 
test_stephane: build/growTable.o build/dei_rkck.o build/sparse.o build/evolver_rkck.o build/evolver_ndf15.o build/arrays.o build/parser.o build/quadrature.o build/hyperspherical.o build/common.o build/trigonometric_integrals.o build/input.o build/background.o build/thermodynamics.o build/perturbations.o build/primordial.o build/nonlinear.o build/nonlinear_pt.o build/transfer.o build/spectra.o build/lensing.o build/hyrectools.o build/helium.o build/hydrogen.o build/history.o build/output.o test_stephane.o
#  Implicit rule search has not been done.
#  Modification time never checked.
#  File has not been updated.
#  recipe to execute (from 'Makefile', line 164):
	$(CC) $(OPTFLAG) $(OMPFLAG) $(LDFLAG) -o $@ $(addprefix build/,$(notdir $^)) -lm

build/nonlinear_pt.o: source/nonlinear_pt.c build/.base
#  Implicit rule search has been done.
#  Implicit/static pattern stem: 'nonlinear_pt'
#  Last modified 2022-06-10 11:34:21.706795229
#  File has been updated.
#  Successfully updated.
#  recipe to execute (from 'Makefile', line 79):
	cd $(WRKDIR);$(CC) $(OPTFLAG) $(OMPFLAG) $(CCFLAG) $(INCLUDES) -c ../$< -o $*.o

# Not a target:
test_stephane.o:
#  Implicit rule search has not been done.
#  Modification time never checked.
#  File has not been updated.

libclass.a: build/growTable.o build/dei_rkck.o build/sparse.o build/evolver_rkck.o build/evolver_ndf15.o build/arrays.o build/parser.o build/quadrature.o build/hyperspherical.o build/common.o build/trigonometric_integrals.o build/input.o build/background.o build/thermodynamics.o build/perturbations.o build/primordial.o build/nonlinear.o build/nonlinear_pt.o build/transfer.o build/spectra.o build/lensing.o build/hyrectools.o build/helium.o build/hydrogen.o build/history.o
#  Implicit rule search has not been done.
#  Last modified 2022-06-13 09:26:39.348412314
#  File has been updated.
#  Successfully updated.
#  recipe to execute (from 'Makefile', line 149):
	$(AR)  $@ $(addprefix build/, $(TOOLS) $(SOURCE) $(EXTERNAL))

# Not a target:
tools/growTable.c:
#  Implicit rule search has been done.
#  Last modified 2022-06-08 15:42:14.091232176
#  File has been updated.
#  Successfully updated.

# Not a target:
hyrec/hyrectools.c:
#  Implicit rule search has been done.
#  Last modified 2022-06-08 15:42:13.995230021
#  File has been updated.
#  Successfully updated.

# Not a target:
.SUFFIXES:
#  Implicit rule search has not been done.
#  Modification time never checked.
#  File has not been updated.

build/primordial.o: source/primordial.c build/.base
#  Implicit rule search has been done.
#  Implicit/static pattern stem: 'primordial'
#  Last modified 2022-06-10 11:58:15.838405411
#  File has been updated.
#  Successfully updated.
#  recipe to execute (from 'Makefile', line 79):
	cd $(WRKDIR);$(CC) $(OPTFLAG) $(OMPFLAG) $(CCFLAG) $(INCLUDES) -c ../$< -o $*.o

# Not a target:
source/primordial.c:
#  Implicit rule search has been done.
#  Last modified 2022-06-10 11:58:07.886474076
#  File has been updated.
#  Successfully updated.

# Not a target:
include/lensing.h:
#  Implicit rule search has not been done.
#  Modification time never checked.
#  File has not been updated.

# Not a target:
Makefile:
#  Implicit rule search has been done.
#  Last modified 2022-06-09 15:57:32.06654058
#  File has been updated.
#  Successfully updated.

build/growTable.o: tools/growTable.c build/.base
#  Implicit rule search has been done.
#  Implicit/static pattern stem: 'growTable'
#  Last modified 2022-06-10 11:33:52.187023974
#  File has been updated.
#  Successfully updated.
#  recipe to execute (from 'Makefile', line 79):
	cd $(WRKDIR);$(CC) $(OPTFLAG) $(OMPFLAG) $(CCFLAG) $(INCLUDES) -c ../$< -o $*.o

# Not a target:
myselection.dat:
#  Implicit rule search has not been done.
#  Modification time never checked.
#  File has not been updated.

build/input.o: source/input.c build/.base
#  Implicit rule search has been done.
#  Implicit/static pattern stem: 'input'
#  Last modified 2022-06-10 11:33:59.050969503
#  File has been updated.
#  Successfully updated.
#  recipe to execute (from 'Makefile', line 79):
	cd $(WRKDIR);$(CC) $(OPTFLAG) $(OMPFLAG) $(CCFLAG) $(INCLUDES) -c ../$< -o $*.o

# Not a target:
include/trigonometric_integrals.h:
#  Implicit rule search has not been done.
#  Modification time never checked.
#  File has not been updated.

# Not a target:
source/input.c:
#  Implicit rule search has been done.
#  Last modified 2022-06-10 10:22:17.202755316
#  File has been updated.
#  Successfully updated.

test_loops: build/growTable.o build/dei_rkck.o build/sparse.o build/evolver_rkck.o build/evolver_ndf15.o build/arrays.o build/parser.o build/quadrature.o build/hyperspherical.o build/common.o build/trigonometric_integrals.o build/input.o build/background.o build/thermodynamics.o build/perturbations.o build/primordial.o build/nonlinear.o build/nonlinear_pt.o build/transfer.o build/spectra.o build/lensing.o build/hyrectools.o build/helium.o build/hydrogen.o build/history.o build/output.o test_loops.o
#  Implicit rule search has not been done.
#  Modification time never checked.
#  File has not been updated.
#  recipe to execute (from 'Makefile', line 158):
	$(CC) $(OPTFLAG) $(OMPFLAG) $(LDFLAG) -o $@ $(addprefix build/,$(notdir $^)) -lm

# Not a target:
include/parser.h:
#  Implicit rule search has not been done.
#  Modification time never checked.
#  File has not been updated.

# Not a target:
cpp:
#  Implicit rule search has not been done.
#  Modification time never checked.
#  File has not been updated.

build/hyrectools.o: hyrec/hyrectools.c build/.base
#  Implicit rule search has been done.
#  Implicit/static pattern stem: 'hyrectools'
#  Last modified 2022-06-10 11:43:36.668389518
#  File has been updated.
#  Successfully updated.
#  recipe to execute (from 'Makefile', line 79):
	cd $(WRKDIR);$(CC) $(OPTFLAG) $(OMPFLAG) $(CCFLAG) $(INCLUDES) -c ../$< -o $*.o

# Not a target:
include/perturbations.h:
#  Implicit rule search has not been done.
#  Modification time never checked.
#  File has not been updated.

# Not a target:
hyrec/hydrogen.c:
#  Implicit rule search has been done.
#  Last modified 2022-06-08 15:42:13.995230021
#  File has been updated.
#  Successfully updated.

# Not a target:
python/setup.py:
#  Implicit rule search has not been done.
#  Modification time never checked.
#  File has not been updated.

# Not a target:
test_nonlinear.o:
#  Implicit rule search has not been done.
#  Modification time never checked.
#  File has not been updated.

test_nonlinear: build/growTable.o build/dei_rkck.o build/sparse.o build/evolver_rkck.o build/evolver_ndf15.o build/arrays.o build/parser.o build/quadrature.o build/hyperspherical.o build/common.o build/trigonometric_integrals.o build/input.o build/background.o build/thermodynamics.o build/perturbations.o build/primordial.o build/nonlinear.o build/nonlinear_pt.o build/transfer.o build/spectra.o build/lensing.o build/hyrectools.o build/helium.o build/hydrogen.o build/history.o test_nonlinear.o
#  Implicit rule search has not been done.
#  Modification time never checked.
#  File has not been updated.
#  recipe to execute (from 'Makefile', line 176):
	$(CC) $(OPTFLAG) $(OMPFLAG) $(LDFLAG) -o  $@ $(addprefix build/,$(notdir $^)) -lm

# Not a target:
myevolution.dat:
#  Implicit rule search has not been done.
#  Modification time never checked.
#  File has not been updated.

build/spectra.o: source/spectra.c build/.base
#  Implicit rule search has been done.
#  Implicit/static pattern stem: 'spectra'
#  Last modified 2022-06-13 09:26:39.232410809
#  File has been updated.
#  Successfully updated.
#  recipe to execute (from 'Makefile', line 79):
	cd $(WRKDIR);$(CC) $(OPTFLAG) $(OMPFLAG) $(CCFLAG) $(INCLUDES) -c ../$< -o $*.o

# Not a target:
include/sparse.h:
#  Implicit rule search has not been done.
#  Modification time never checked.
#  File has not been updated.

# Not a target:
include/dei_rkck.h:
#  Implicit rule search has not been done.
#  Modification time never checked.
#  File has not been updated.

# Not a target:
source/spectra.c:
#  Implicit rule search has been done.
#  Last modified 2022-06-13 09:24:54.604865912
#  File has been updated.
#  Successfully updated.

build/nonlinear.o: source/nonlinear.c build/.base
#  Implicit rule search has been done.
#  Implicit/static pattern stem: 'nonlinear'
#  Last modified 2022-06-13 09:26:35.888365492
#  File has been updated.
#  Successfully updated.
#  recipe to execute (from 'Makefile', line 79):
	cd $(WRKDIR);$(CC) $(OPTFLAG) $(OMPFLAG) $(CCFLAG) $(INCLUDES) -c ../$< -o $*.o

# Not a target:
include/arrays.h:
#  Implicit rule search has not been done.
#  Modification time never checked.
#  File has not been updated.

# Not a target:
test/test_degeneracy.c:
#  Implicit rule search has not been done.
#  Modification time never checked.
#  File has not been updated.

# Not a target:
source/nonlinear.c:
#  Implicit rule search has been done.
#  Last modified 2022-06-13 09:26:25.184197011
#  File has been updated.
#  Successfully updated.

# Not a target:
cl_ref.pre:
#  Implicit rule search has not been done.
#  Modification time never checked.
#  File has not been updated.

build/transfer.o: source/transfer.c build/.base
#  Implicit rule search has been done.
#  Implicit/static pattern stem: 'transfer'
#  Last modified 2022-06-10 11:34:22.978785689
#  File has been updated.
#  Successfully updated.
#  recipe to execute (from 'Makefile', line 79):
	cd $(WRKDIR);$(CC) $(OPTFLAG) $(OMPFLAG) $(CCFLAG) $(INCLUDES) -c ../$< -o $*.o

# Not a target:
test/test_transfer.c:
#  Implicit rule search has not been done.
#  Modification time never checked.
#  File has not been updated.

# Not a target:
main/class.c:
#  Implicit rule search has been done.
#  Last modified 2022-06-09 09:19:21.367684653
#  File has been updated.
#  Successfully updated.

# Not a target:
source/transfer.c:
#  Implicit rule search has been done.
#  Last modified 2022-06-09 13:49:25.172479536
#  File has been updated.
#  Successfully updated.

# Not a target:
test_loops_omp.o:
#  Implicit rule search has not been done.
#  Modification time never checked.
#  File has not been updated.

 
test_loops_omp: build/growTable.o build/dei_rkck.o build/sparse.o build/evolver_rkck.o build/evolver_ndf15.o build/arrays.o build/parser.o build/quadrature.o build/hyperspherical.o build/common.o build/trigonometric_integrals.o build/input.o build/background.o build/thermodynamics.o build/perturbations.o build/primordial.o build/nonlinear.o build/nonlinear_pt.o build/transfer.o build/spectra.o build/lensing.o build/hyrectools.o build/helium.o build/hydrogen.o build/history.o build/output.o test_loops_omp.o
#  Implicit rule search has not been done.
#  Modification time never checked.
#  File has not been updated.
#  recipe to execute (from 'Makefile', line 161):
	$(CC) $(OPTFLAG) $(OMPFLAG) $(LDFLAG) -o $@ $(addprefix build/,$(notdir $^)) -lm

# Not a target:
python/cclassy.pxd:
#  Implicit rule search has been done.
#  Last modified 2022-06-13 09:23:34.017196418
#  File has been updated.
#  Successfully updated.

# Not a target:
tools/quadrature.c:
#  Implicit rule search has been done.
#  Last modified 2022-06-08 15:42:14.091232176
#  File has been updated.
#  Successfully updated.

build/background.o: source/background.c build/.base
#  Implicit rule search has been done.
#  Implicit/static pattern stem: 'background'
#  Last modified 2022-06-10 11:33:59.658964718
#  File has been updated.
#  Successfully updated.
#  recipe to execute (from 'Makefile', line 79):
	cd $(WRKDIR);$(CC) $(OPTFLAG) $(OMPFLAG) $(CCFLAG) $(INCLUDES) -c ../$< -o $*.o

# Not a target:
source/background.c:
#  Implicit rule search has been done.
#  Last modified 2022-06-08 15:42:14.091232176
#  File has been updated.
#  Successfully updated.

# Not a target:
test/test_perturbations.c:
#  Implicit rule search has not been done.
#  Modification time never checked.
#  File has not been updated.

build/hydrogen.o: hyrec/hydrogen.c build/.base
#  Implicit rule search has been done.
#  Implicit/static pattern stem: 'hydrogen'
#  Last modified 2022-06-10 11:43:36.876389079
#  File has been updated.
#  Successfully updated.
#  recipe to execute (from 'Makefile', line 79):
	cd $(WRKDIR);$(CC) $(OPTFLAG) $(OMPFLAG) $(CCFLAG) $(INCLUDES) -c ../$< -o $*.o

classy: libclass.a python/classy.pyx python/cclassy.pxd
#  Implicit rule search has not been done.
#  Implicit/static pattern stem: ''
#  File does not exist.
#  File has been updated.
#  Needs to be updated (-q is set).
# automatic
# @ := classy
# automatic
# % := 
# automatic
# * := 
# automatic
# + := libclass.a python/classy.pyx python/cclassy.pxd
# automatic
# | := 
# automatic
# < := libclass.a
# automatic
# ^ := libclass.a python/classy.pyx python/cclassy.pxd
# automatic
# ? := libclass.a python/classy.pyx python/cclassy.pxd
# variable set hash-table stats:
# Load=8/32=25%, Rehash=0, Collisions=3/14=21%
#  recipe to execute (from 'Makefile', line 196):
	cp python/setup.py python/autosetup.py
	cd python; export CC=$(CC); $(PYTHON) autosetup.py install || $(PYTHON) autosetup.py install --user
	rm python/autosetup.py

# Not a target:
test_thermodynamics.o:
#  Implicit rule search has not been done.
#  Modification time never checked.
#  File has not been updated.

# Not a target:
lcdm.ini:
#  Implicit rule search has not been done.
#  Modification time never checked.
#  File has not been updated.

test_thermodynamics: build/growTable.o build/dei_rkck.o build/sparse.o build/evolver_rkck.o build/evolver_ndf15.o build/arrays.o build/parser.o build/quadrature.o build/hyperspherical.o build/common.o build/trigonometric_integrals.o build/input.o build/background.o build/thermodynamics.o build/perturbations.o build/primordial.o build/nonlinear.o build/nonlinear_pt.o build/transfer.o build/spectra.o build/lensing.o build/hyrectools.o build/helium.o build/hydrogen.o build/history.o test_thermodynamics.o
#  Implicit rule search has not been done.
#  Modification time never checked.
#  File has not been updated.
#  recipe to execute (from 'Makefile', line 182):
	$(CC) $(OPTFLAG) $(OMPFLAG) $(LDFLAG) -o  $@ $(addprefix build/,$(notdir $^)) -lm

build/quadrature.o: tools/quadrature.c build/.base
#  Implicit rule search has been done.
#  Implicit/static pattern stem: 'quadrature'
#  Last modified 2022-06-10 11:33:55.37099861
#  File has been updated.
#  Successfully updated.
#  recipe to execute (from 'Makefile', line 79):
	cd $(WRKDIR);$(CC) $(OPTFLAG) $(OMPFLAG) $(CCFLAG) $(INCLUDES) -c ../$< -o $*.o

# Not a target:
external_Pk/dummy.txt:
#  Implicit rule search has not been done.
#  Modification time never checked.
#  File has not been updated.

# Not a target:
include/output.h:
#  Implicit rule search has not been done.
#  Modification time never checked.
#  File has not been updated.

# Not a target:
external_Pk/README.md:
#  Implicit rule search has not been done.
#  Modification time never checked.
#  File has not been updated.

# Not a target:
hyrec/helium.c:
#  Implicit rule search has been done.
#  Last modified 2022-06-08 15:42:13.995230021
#  File has been updated.
#  Successfully updated.

build/class.o: main/class.c build/.base
#  Implicit rule search has been done.
#  Implicit/static pattern stem: 'class'
#  Last modified 2022-06-10 11:43:36.648389561
#  File has been updated.
#  Successfully updated.
#  recipe to execute (from 'Makefile', line 79):
	cd $(WRKDIR);$(CC) $(OPTFLAG) $(OMPFLAG) $(CCFLAG) $(INCLUDES) -c ../$< -o $*.o

# Not a target:
.DEFAULT:
#  Implicit rule search has not been done.
#  Modification time never checked.
#  File has not been updated.

# Not a target:
test/test_loops.c:
#  Implicit rule search has not been done.
#  Modification time never checked.
#  File has not been updated.

# Not a target:
test_background.o:
#  Implicit rule search has not been done.
#  Modification time never checked.
#  File has not been updated.

# Not a target:
python/test_class.py:
#  Implicit rule search has not been done.
#  Modification time never checked.
#  File has not been updated.

# Not a target:
include/evolver_rkck.h:
#  Implicit rule search has not been done.
#  Modification time never checked.
#  File has not been updated.

# Not a target:
tools/evolver_ndf15.c:
#  Implicit rule search has been done.
#  Last modified 2022-06-08 15:42:14.091232176
#  File has been updated.
#  Successfully updated.

# Not a target:
psd_FD_single.dat:
#  Implicit rule search has not been done.
#  Modification time never checked.
#  File has not been updated.

# Not a target:
test/test_nonlinear.c:
#  Implicit rule search has not been done.
#  Modification time never checked.
#  File has not been updated.

build/helium.o: hyrec/helium.c build/.base
#  Implicit rule search has been done.
#  Implicit/static pattern stem: 'helium'
#  Last modified 2022-06-10 11:43:36.660389536
#  File has been updated.
#  Successfully updated.
#  recipe to execute (from 'Makefile', line 79):
	cd $(WRKDIR);$(CC) $(OPTFLAG) $(OMPFLAG) $(CCFLAG) $(INCLUDES) -c ../$< -o $*.o

# Not a target:
include/nonlinear_pt.h:
#  Implicit rule search has not been done.
#  Modification time never checked.
#  File has not been updated.

# Not a target:
CPU:
#  Implicit rule search has not been done.
#  Modification time never checked.
#  File has not been updated.

# Not a target:
test_transfer.o:
#  Implicit rule search has not been done.
#  Modification time never checked.
#  File has not been updated.

# Not a target:
tools/common.c:
#  Implicit rule search has been done.
#  Last modified 2022-06-08 15:42:14.091232176
#  File has been updated.
#  Successfully updated.

build/evolver_ndf15.o: tools/evolver_ndf15.c build/.base
#  Implicit rule search has been done.
#  Implicit/static pattern stem: 'evolver_ndf15'
#  Last modified 2022-06-10 11:33:53.655012258
#  File has been updated.
#  Successfully updated.
#  recipe to execute (from 'Makefile', line 79):
	cd $(WRKDIR);$(CC) $(OPTFLAG) $(OMPFLAG) $(CCFLAG) $(INCLUDES) -c ../$< -o $*.o

test_spectra: build/growTable.o build/dei_rkck.o build/sparse.o build/evolver_rkck.o build/evolver_ndf15.o build/arrays.o build/parser.o build/quadrature.o build/hyperspherical.o build/common.o build/trigonometric_integrals.o build/input.o build/background.o build/thermodynamics.o build/perturbations.o build/primordial.o build/nonlinear.o build/nonlinear_pt.o build/transfer.o build/spectra.o build/lensing.o build/hyrectools.o build/helium.o build/hydrogen.o build/history.o test_spectra.o
#  Implicit rule search has not been done.
#  Modification time never checked.
#  File has not been updated.
#  recipe to execute (from 'Makefile', line 170):
	$(CC) $(OPTFLAG) $(OMPFLAG) $(LDFLAG) -o  $@ $(addprefix build/,$(notdir $^)) -lm

clean: build/.base
#  Implicit rule search has not been done.
#  Modification time never checked.
#  File has not been updated.
#  recipe to execute (from 'Makefile', line 204):
	rm -rf $(WRKDIR);
	rm -f libclass.a
	rm -f $(MDIR)/python/classy.c
	rm -rf $(MDIR)/python/build

# Not a target:
test_spectra.o:
#  Implicit rule search has not been done.
#  Modification time never checked.
#  File has not been updated.

# Not a target:
include/svnversion.h:
#  Implicit rule search has not been done.
#  Modification time never checked.
#  File has not been updated.

# Not a target:
include/primordial.h:
#  Implicit rule search has not been done.
#  Modification time never checked.
#  File has not been updated.

# Not a target:
clt_permille.pre:
#  Implicit rule search has not been done.
#  Modification time never checked.
#  File has not been updated.

tar: main/class.c tools/growTable.c tools/dei_rkck.c tools/sparse.c tools/evolver_rkck.c tools/evolver_ndf15.c tools/arrays.c tools/parser.c tools/quadrature.c tools/hyperspherical.c tools/common.c tools/trigonometric_integrals.c source/input.c source/background.c source/thermodynamics.c source/perturbations.c source/primordial.c source/nonlinear.c source/nonlinear_pt.c source/transfer.c source/spectra.c source/lensing.c source/output.c test/test_degeneracy.c test/test_loops.c test/test_transfer.c test/test_nonlinear.c test/test_perturbations.c test/test_thermodynamics.c include/common.h include/svnversion.h include/class.h include/growTable.h include/dei_rkck.h include/sparse.h include/evolver_rkck.h include/evolver_ndf15.h include/arrays.h include/parser.h include/quadrature.h include/hyperspherical.h include/common.h include/trigonometric_integrals.h include/input.h include/background.h include/thermodynamics.h include/perturbations.h include/primordial.h include/nonlinear.h include/nonlinear_pt.h include/transfer.h include/spectra.h include/lensing.h include/output.h cl_ref.pre clt_permille.pre explanatory.ini lcdm.ini Makefile CPU psd_FD_single.dat myselection.dat myevolution.dat README bbn/sBBN.dat external_Pk/generate_Pk_example.py external_Pk/Pk_example.dat external_Pk/dummy.txt external_Pk/generate_Pk_example_w_tensors.py external_Pk/Pk_example_w_tensors.dat external_Pk/README.md cpp hyrec python/classy.pyx python/setup.py python/cclassy.pxd python/test_class.py
#  Implicit rule search has not been done.
#  Modification time never checked.
 
#  File has not been updated.
#  recipe to execute (from 'Makefile', line 192):
	tar czvf class.tar.gz $(C_ALL) $(H_ALL) $(PRE_ALL) $(INI_ALL) $(MISC_FILES) $(HYREC) $(PYTHON_FILES)

# Not a target:
include/growTable.h:
#  Implicit rule search has not been done.
#  Modification time never checked.
#  File has not been updated.

# Not a target:
tools/hyperspherical.c:
#  Implicit rule search has been done.
#  Last modified 2022-06-08 15:42:14.091232176
#  File has been updated.
#  Successfully updated.

# Not a target:
include/input.h:
#  Implicit rule search has not been done.
#  Modification time never checked.
#  File has not been updated.

build/common.o: tools/common.c build/.base
#  Implicit rule search has been done.
#  Implicit/static pattern stem: 'common'
#  Last modified 2022-06-10 11:33:56.694988113
#  File has been updated.
#  Successfully updated.
#  recipe to execute (from 'Makefile', line 79):
	cd $(WRKDIR);$(CC) $(OPTFLAG) $(OMPFLAG) $(CCFLAG) $(INCLUDES) -c ../$< -o $*.o

test_hyperspherical: build/growTable.o build/dei_rkck.o build/sparse.o build/evolver_rkck.o build/evolver_ndf15.o build/arrays.o build/parser.o build/quadrature.o build/hyperspherical.o build/common.o build/trigonometric_integrals.o test_hyperspherical.o
#  Implicit rule search has not been done.
#  Modification time never checked.
#  File has not been updated.
#  recipe to execute (from 'Makefile', line 188):
	$(CC) $(OPTFLAG) $(OMPFLAG) $(LDFLAG) -o test_hyperspherical $(addprefix build/,$(notdir $^)) -lm

# Not a target:
test_hyperspherical.o:
#  Implicit rule search has not been done.
#  Modification time never checked.
#  File has not been updated.

# Not a target:
include/spectra.h:
#  Implicit rule search has not been done.
#  Modification time never checked.
#  File has not been updated.

build/hyperspherical.o: tools/hyperspherical.c build/.base
#  Implicit rule search has been done.
#  Implicit/static pattern stem: 'hyperspherical'
#  Last modified 2022-06-10 11:33:56.638988555
#  File has been updated.
#  Successfully updated.
#  recipe to execute (from 'Makefile', line 79):
	cd $(WRKDIR);$(CC) $(OPTFLAG) $(OMPFLAG) $(CCFLAG) $(INCLUDES) -c ../$< -o $*.o

# Not a target:
test/test_thermodynamics.c:
#  Implicit rule search has not been done.
#  Modification time never checked.
#  File has not been updated.

# Not a target:
source/thermodynamics.c:
#  Implicit rule search has been done.
#  Last modified 2022-06-10 10:23:06.282170614
#  File has been updated.
#  Successfully updated.

# Not a target:
include/hyperspherical.h:
#  Implicit rule search has not been done.
#  Modification time never checked.
#  File has not been updated.

# Not a target:
include/nonlinear.h:
#  Implicit rule search has not been done.
#  Modification time never checked.
#  File has not been updated.

# Not a target:
tools/trigonometric_integrals.c:
#  Implicit rule search has been done.
#  Last modified 2022-06-08 15:42:14.091232176
#  File has been updated.
#  Successfully updated.

# Not a target:
tools/parser.c:
#  Implicit rule search has been done.
#  Last modified 2022-06-08 15:42:14.091232176
#  File has been updated.
#  Successfully updated.

# Not a target:
include/transfer.h:
#  Implicit rule search has not been done.
#  Modification time never checked.
#  File has not been updated.

# Not a target:
source/perturbations.c:
#  Implicit rule search has been done.
#  Last modified 2022-06-08 15:42:14.091232176
#  File has been updated.
#  Successfully updated.

build/lensing.o: source/lensing.c build/.base
#  Implicit rule search has been done.
#  Implicit/static pattern stem: 'lensing'
#  Last modified 2022-06-10 11:43:37.496387768
#  File has been updated.
#  Successfully updated.
#  recipe to execute (from 'Makefile', line 79):
	cd $(WRKDIR);$(CC) $(OPTFLAG) $(OMPFLAG) $(CCFLAG) $(INCLUDES) -c ../$< -o $*.o

# Not a target:
explanatory.ini:
#  Implicit rule search has not been done.
#  Modification time never checked.
#  File has not been updated.

# Not a target:
source/lensing.c:
#  Implicit rule search has been done.
#  Last modified 2022-06-09 10:20:47.60686589
#  File has been updated.
#  Successfully updated.

# Not a target:
tools/sparse.c:
#  Implicit rule search has been done.
#  Last modified 2022-06-08 15:42:14.091232176
#  File has been updated.
#  Successfully updated.

# Not a target:
tools/dei_rkck.c:
#  Implicit rule search has been done.
#  Last modified 2022-06-08 15:42:14.091232176
#  File has been updated.
#  Successfully updated.

build/parser.o: tools/parser.c build/.base
#  Implicit rule search has been done.
#  Implicit/static pattern stem: 'parser'
#  Last modified 2022-06-10 11:33:55.019001404
#  File has been updated.
#  Successfully updated.
#  recipe to execute (from 'Makefile', line 79):
	cd $(WRKDIR);$(CC) $(OPTFLAG) $(OMPFLAG) $(CCFLAG) $(INCLUDES) -c ../$< -o $*.o

# Not a target:
external_Pk/Pk_example.dat:
#  Implicit rule search has not been done.
#  Modification time never checked.
#  File has not been updated.

# Not a target:
tools/arrays.c:
#  Implicit rule search has been done.
#  Last modified 2022-06-09 15:39:18.888475785
#  File has been updated.
#  Successfully updated.

test_sigma: build/growTable.o build/dei_rkck.o build/sparse.o build/evolver_rkck.o build/evolver_ndf15.o build/arrays.o build/parser.o build/quadrature.o build/hyperspherical.o build/common.o build/trigonometric_integrals.o build/input.o build/background.o build/thermodynamics.o build/perturbations.o build/primordial.o build/nonlinear.o build/nonlinear_pt.o build/transfer.o build/spectra.o build/lensing.o build/hyrectools.o build/helium.o build/hydrogen.o build/history.o build/output.o test_sigma.o
#  Implicit rule search has not been done.
#  Modification time never checked.
#  File has not been updated.
#  recipe to execute (from 'Makefile', line 155):
	$(CC) $(OPTFLAG) $(OMPFLAG) $(LDFLAG) -o test_sigma $(addprefix build/,$(notdir $^)) -lm

# Not a target:
include/background.h:
#  Implicit rule search has not been done.
#  Modification time never checked.
#  File has not been updated.

# Not a target:
test_sigma.o:
#  Implicit rule search has not been done.
#  Modification time never checked.
#  File has not been updated.

# Not a target:
test_loops.o:
#  Implicit rule search has not been done.
#  Modification time never checked.
#  File has not been updated.

build/sparse.o: tools/sparse.c build/.base
#  Implicit rule search has been done.
#  Implicit/static pattern stem: 'sparse'
#  Last modified 2022-06-10 11:33:52.751019469
#  File has been updated.
#  Successfully updated.
#  recipe to execute (from 'Makefile', line 79):
	cd $(WRKDIR);$(CC) $(OPTFLAG) $(OMPFLAG) $(CCFLAG) $(INCLUDES) -c ../$< -o $*.o

# Not a target:
hyrec:
#  Implicit rule search has not been done.
#  Modification time never checked.
#  File has not been updated.

build/dei_rkck.o: tools/dei_rkck.c build/.base
#  Implicit rule search has been done.
#  Implicit/static pattern stem: 'dei_rkck'
#  Last modified 2022-06-10 11:33:52.391022345
#  File has been updated.
#  Successfully updated.
#  recipe to execute (from 'Makefile', line 79):
	cd $(WRKDIR);$(CC) $(OPTFLAG) $(OMPFLAG) $(CCFLAG) $(INCLUDES) -c ../$< -o $*.o

# Not a target:
include/quadrature.h:
#  Implicit rule search has not been done.
#  Modification time never checked.
#  File has not been updated.

# Not a target:
external_Pk/generate_Pk_example.py:
#  Implicit rule search has not been done.
#  Modification time never checked.
#  File has not been updated.

build/arrays.o: tools/arrays.c build/.base
#  Implicit rule search has been done.
#  Implicit/static pattern stem: 'arrays'
#  Last modified 2022-06-10 11:33:54.811003058
#  File has been updated.
#  Successfully updated.
#  recipe to execute (from 'Makefile', line 79):
	cd $(WRKDIR);$(CC) $(OPTFLAG) $(OMPFLAG) $(CCFLAG) $(INCLUDES) -c ../$< -o $*.o

class: build/growTable.o build/dei_rkck.o build/sparse.o build/evolver_rkck.o build/evolver_ndf15.o build/arrays.o build/parser.o build/quadrature.o build/hyperspherical.o build/common.o build/trigonometric_integrals.o build/input.o build/background.o build/thermodynamics.o build/perturbations.o build/primordial.o build/nonlinear.o build/nonlinear_pt.o build/transfer.o build/spectra.o build/lensing.o build/hyrectools.o build/helium.o build/hydrogen.o build/history.o build/output.o build/class.o
#  Implicit rule search has not been done.
#  Last modified 2022-06-13 09:26:39.332412106
#  File has been updated.
#  Successfully updated.
#  recipe to execute (from 'Makefile', line 152):
	$(CC) $(OPTFLAG) $(OMPFLAG) $(LDFLAG) -o class $(addprefix build/,$(notdir $^)) $(OPENBLAS) -lpthread -lm

# files hash-table stats:
# Load=140/1024=14%, Rehash=0, Collisions=94/1274=7%
# VPATH Search Paths

vpath %.c source:tools:main:test
vpath %.o build
vpath .base build
vpath %.c hyrec

# 4 'vpath' search paths.

# No general ('VPATH' variable) search path.

# strcache buffers: 1 (0) / strings = 291 / storage = 4380 B / avg = 15 B
# current buf: size = 8162 B / used = 4380 B / count = 291 / avg = 15 B

# strcache performance: lookups = 929 / hit rate = 68%
# hash-table stats:
# Load=291/8192=4%, Rehash=0, Collisions=34/929=4%
# Finished Make data base on Mon Jun 13 13:45:47 2022

 
